[27-Feb-2025 02:20:40 Europe/Berlin] JSON recebido: {"id_cliente":"11","data_solicitacao":"2025-02-26","imposto_pagar":"—","dados_doacao":"—","imposto_restituir":"—","data_transmissao":"2025-02-26","enviada_cliente":"2025-02-26","observacoes":"—","valor_cobrado":"—"}
[27-Feb-2025 02:20:40 Europe/Berlin] ID do cliente a ser processado: 11
[27-Feb-2025 02:20:40 Europe/Berlin] PHP Warning:  Undefined array key "tipo" in C:\xampp\htdocs\CIR\salvar_processo.php on line 105
[27-Feb-2025 02:20:40 Europe/Berlin] PHP Warning:  Undefined array key "documentos" in C:\xampp\htdocs\CIR\salvar_processo.php on line 106
[27-Feb-2025 02:20:40 Europe/Berlin] PHP Warning:  Undefined array key "conferencia" in C:\xampp\htdocs\CIR\salvar_processo.php on line 107
[27-Feb-2025 02:20:40 Europe/Berlin] PHP Warning:  Undefined array key "doacao" in C:\xampp\htdocs\CIR\salvar_processo.php on line 109
[27-Feb-2025 02:20:40 Europe/Berlin] PHP Warning:  Undefined array key "transmissao" in C:\xampp\htdocs\CIR\salvar_processo.php on line 113
[27-Feb-2025 02:20:40 Europe/Berlin] PHP Warning:  Undefined array key "boleto_enviado" in C:\xampp\htdocs\CIR\salvar_processo.php on line 118
[27-Feb-2025 02:20:40 Europe/Berlin] PHP Warning:  Undefined array key "pagamento" in C:\xampp\htdocs\CIR\salvar_processo.php on line 119
[27-Feb-2025 02:21:06 Europe/Berlin] JSON recebido: {"id_cliente":"11","data_solicitacao":"","imposto_pagar":"R$ 0,00","dados_doacao":"—","imposto_restituir":"R$ 0,00","data_transmissao":"2025-02-26","enviada_cliente":"2025-02-26","observacoes":"0","valor_cobrado":"R$ 0,00"}
[27-Feb-2025 02:21:06 Europe/Berlin] ID do cliente a ser processado: 11
[27-Feb-2025 02:21:06 Europe/Berlin] PHP Warning:  Undefined array key "tipo" in C:\xampp\htdocs\CIR\salvar_processo.php on line 105
[27-Feb-2025 02:21:06 Europe/Berlin] PHP Warning:  Undefined array key "documentos" in C:\xampp\htdocs\CIR\salvar_processo.php on line 106
[27-Feb-2025 02:21:06 Europe/Berlin] PHP Warning:  Undefined array key "conferencia" in C:\xampp\htdocs\CIR\salvar_processo.php on line 107
[27-Feb-2025 02:21:06 Europe/Berlin] PHP Warning:  Undefined array key "doacao" in C:\xampp\htdocs\CIR\salvar_processo.php on line 109
[27-Feb-2025 02:21:06 Europe/Berlin] PHP Warning:  Undefined array key "transmissao" in C:\xampp\htdocs\CIR\salvar_processo.php on line 113
[27-Feb-2025 02:21:06 Europe/Berlin] PHP Warning:  Undefined array key "boleto_enviado" in C:\xampp\htdocs\CIR\salvar_processo.php on line 118
[27-Feb-2025 02:21:06 Europe/Berlin] PHP Warning:  Undefined array key "pagamento" in C:\xampp\htdocs\CIR\salvar_processo.php on line 119
[27-Feb-2025 02:21:06 Europe/Berlin] PHP Fatal error:  Uncaught mysqli_sql_exception: Incorrect date value: '' for column 'data_solicitacao' at row 1 in C:\xampp\htdocs\CIR\salvar_processo.php:169
Stack trace:
#0 C:\xampp\htdocs\CIR\salvar_processo.php(169): mysqli_stmt->execute()
#1 {main}
  thrown in C:\xampp\htdocs\CIR\salvar_processo.php on line 169
[27-Feb-2025 02:25:08 Europe/Berlin] JSON recebido: {"id_cliente":"12","data_solicitacao":"","imposto_pagar":"—","dados_doacao":"—","imposto_restituir":"—","data_transmissao":"","enviada_cliente":"","observacoes":"—","valor_cobrado":"—"}
[27-Feb-2025 02:25:08 Europe/Berlin] ID do cliente a ser processado: 12
[27-Feb-2025 02:25:08 Europe/Berlin] PHP Warning:  Undefined array key "tipo" in C:\xampp\htdocs\CIR\salvar_processo.php on line 105
[27-Feb-2025 02:25:08 Europe/Berlin] PHP Warning:  Undefined array key "documentos" in C:\xampp\htdocs\CIR\salvar_processo.php on line 106
[27-Feb-2025 02:25:08 Europe/Berlin] PHP Warning:  Undefined array key "conferencia" in C:\xampp\htdocs\CIR\salvar_processo.php on line 107
[27-Feb-2025 02:25:08 Europe/Berlin] PHP Warning:  Undefined array key "doacao" in C:\xampp\htdocs\CIR\salvar_processo.php on line 109
[27-Feb-2025 02:25:08 Europe/Berlin] PHP Warning:  Undefined array key "transmissao" in C:\xampp\htdocs\CIR\salvar_processo.php on line 113
[27-Feb-2025 02:25:08 Europe/Berlin] PHP Warning:  Undefined array key "boleto_enviado" in C:\xampp\htdocs\CIR\salvar_processo.php on line 118
[27-Feb-2025 02:25:08 Europe/Berlin] PHP Warning:  Undefined array key "pagamento" in C:\xampp\htdocs\CIR\salvar_processo.php on line 119
[27-Feb-2025 02:25:08 Europe/Berlin] PHP Fatal error:  Uncaught mysqli_sql_exception: Incorrect date value: '' for column 'data_solicitacao' at row 1 in C:\xampp\htdocs\CIR\salvar_processo.php:169
Stack trace:
#0 C:\xampp\htdocs\CIR\salvar_processo.php(169): mysqli_stmt->execute()
#1 {main}
  thrown in C:\xampp\htdocs\CIR\salvar_processo.php on line 169
[27-Feb-2025 02:33:29 Europe/Berlin] JSON recebido: {"id_cliente":"12","data_solicitacao":"","imposto_pagar":"—","dados_doacao":"—","imposto_restituir":"—","data_transmissao":"","enviada_cliente":"","observacoes":"—","valor_cobrado":"—"}
[27-Feb-2025 02:33:29 Europe/Berlin] ID do cliente a ser processado: 12
[27-Feb-2025 02:33:29 Europe/Berlin] PHP Warning:  Undefined array key "tipo" in C:\xampp\htdocs\CIR\salvar_processo.php on line 105
[27-Feb-2025 02:33:29 Europe/Berlin] PHP Warning:  Undefined array key "documentos" in C:\xampp\htdocs\CIR\salvar_processo.php on line 106
[27-Feb-2025 02:33:29 Europe/Berlin] PHP Warning:  Undefined array key "conferencia" in C:\xampp\htdocs\CIR\salvar_processo.php on line 107
[27-Feb-2025 02:33:29 Europe/Berlin] PHP Warning:  Undefined array key "doacao" in C:\xampp\htdocs\CIR\salvar_processo.php on line 109
[27-Feb-2025 02:33:29 Europe/Berlin] PHP Warning:  Undefined array key "transmissao" in C:\xampp\htdocs\CIR\salvar_processo.php on line 113
[27-Feb-2025 02:33:29 Europe/Berlin] PHP Warning:  Undefined array key "boleto_enviado" in C:\xampp\htdocs\CIR\salvar_processo.php on line 118
[27-Feb-2025 02:33:29 Europe/Berlin] PHP Warning:  Undefined array key "pagamento" in C:\xampp\htdocs\CIR\salvar_processo.php on line 119
[27-Feb-2025 02:33:29 Europe/Berlin] PHP Fatal error:  Uncaught mysqli_sql_exception: Incorrect date value: '' for column 'data_solicitacao' at row 1 in C:\xampp\htdocs\CIR\salvar_processo.php:169
Stack trace:
#0 C:\xampp\htdocs\CIR\salvar_processo.php(169): mysqli_stmt->execute()
#1 {main}
  thrown in C:\xampp\htdocs\CIR\salvar_processo.php on line 169
[27-Feb-2025 02:35:48 Europe/Berlin] JSON recebido: {"id_cliente":"12","data_solicitacao":"","imposto_pagar":"—","dados_doacao":"—","imposto_restituir":"—","data_transmissao":"","enviada_cliente":"","observacoes":"—","valor_cobrado":"—"}
[27-Feb-2025 02:35:48 Europe/Berlin] ID do cliente a ser processado: 12
[27-Feb-2025 02:35:48 Europe/Berlin] PHP Warning:  Undefined array key "tipo" in C:\xampp\htdocs\CIR\salvar_processo.php on line 105
[27-Feb-2025 02:35:48 Europe/Berlin] PHP Warning:  Undefined array key "documentos" in C:\xampp\htdocs\CIR\salvar_processo.php on line 106
[27-Feb-2025 02:35:48 Europe/Berlin] PHP Warning:  Undefined array key "conferencia" in C:\xampp\htdocs\CIR\salvar_processo.php on line 107
[27-Feb-2025 02:35:48 Europe/Berlin] PHP Warning:  Undefined array key "doacao" in C:\xampp\htdocs\CIR\salvar_processo.php on line 109
[27-Feb-2025 02:35:48 Europe/Berlin] PHP Warning:  Undefined array key "transmissao" in C:\xampp\htdocs\CIR\salvar_processo.php on line 113
[27-Feb-2025 02:35:48 Europe/Berlin] PHP Warning:  Undefined array key "boleto_enviado" in C:\xampp\htdocs\CIR\salvar_processo.php on line 118
[27-Feb-2025 02:35:48 Europe/Berlin] PHP Warning:  Undefined array key "pagamento" in C:\xampp\htdocs\CIR\salvar_processo.php on line 119
[27-Feb-2025 02:35:48 Europe/Berlin] PHP Fatal error:  Uncaught mysqli_sql_exception: Incorrect date value: '' for column 'data_solicitacao' at row 1 in C:\xampp\htdocs\CIR\salvar_processo.php:169
Stack trace:
#0 C:\xampp\htdocs\CIR\salvar_processo.php(169): mysqli_stmt->execute()
#1 {main}
  thrown in C:\xampp\htdocs\CIR\salvar_processo.php on line 169
[27-Feb-2025 02:38:20 Europe/Berlin] JSON recebido: {"id_cliente":"12","data_solicitacao":"","imposto_pagar":"—","dados_doacao":"—","imposto_restituir":"—","data_transmissao":"","enviada_cliente":"","observacoes":"—","valor_cobrado":"—"}
[27-Feb-2025 02:38:20 Europe/Berlin] ID do cliente a ser processado: 12
[27-Feb-2025 02:38:20 Europe/Berlin] PHP Warning:  Undefined array key "tipo" in C:\xampp\htdocs\CIR\salvar_processo.php on line 105
[27-Feb-2025 02:38:20 Europe/Berlin] PHP Warning:  Undefined array key "documentos" in C:\xampp\htdocs\CIR\salvar_processo.php on line 106
[27-Feb-2025 02:38:20 Europe/Berlin] PHP Warning:  Undefined array key "conferencia" in C:\xampp\htdocs\CIR\salvar_processo.php on line 107
[27-Feb-2025 02:38:20 Europe/Berlin] PHP Warning:  Undefined array key "doacao" in C:\xampp\htdocs\CIR\salvar_processo.php on line 109
[27-Feb-2025 02:38:20 Europe/Berlin] PHP Warning:  Undefined array key "transmissao" in C:\xampp\htdocs\CIR\salvar_processo.php on line 113
[27-Feb-2025 02:38:20 Europe/Berlin] PHP Warning:  Undefined array key "boleto_enviado" in C:\xampp\htdocs\CIR\salvar_processo.php on line 118
[27-Feb-2025 02:38:20 Europe/Berlin] PHP Warning:  Undefined array key "pagamento" in C:\xampp\htdocs\CIR\salvar_processo.php on line 119
[27-Feb-2025 02:38:20 Europe/Berlin] PHP Fatal error:  Uncaught mysqli_sql_exception: Incorrect date value: '' for column 'data_solicitacao' at row 1 in C:\xampp\htdocs\CIR\salvar_processo.php:169
Stack trace:
#0 C:\xampp\htdocs\CIR\salvar_processo.php(169): mysqli_stmt->execute()
#1 {main}
  thrown in C:\xampp\htdocs\CIR\salvar_processo.php on line 169
[27-Feb-2025 02:41:11 Europe/Berlin] JSON recebido: {"id_cliente":"12","data_solicitacao":"","imposto_pagar":"—","dados_doacao":"—","imposto_restituir":"—","data_transmissao":"","enviada_cliente":"","observacoes":"—","valor_cobrado":"—"}
[27-Feb-2025 02:41:11 Europe/Berlin] ID do cliente a ser processado: 12
[27-Feb-2025 02:41:11 Europe/Berlin] PHP Warning:  Undefined array key "tipo" in C:\xampp\htdocs\CIR\salvar_processo.php on line 105
[27-Feb-2025 02:41:11 Europe/Berlin] PHP Warning:  Undefined array key "documentos" in C:\xampp\htdocs\CIR\salvar_processo.php on line 106
[27-Feb-2025 02:41:11 Europe/Berlin] PHP Warning:  Undefined array key "conferencia" in C:\xampp\htdocs\CIR\salvar_processo.php on line 107
[27-Feb-2025 02:41:11 Europe/Berlin] PHP Warning:  Undefined array key "doacao" in C:\xampp\htdocs\CIR\salvar_processo.php on line 109
[27-Feb-2025 02:41:11 Europe/Berlin] PHP Warning:  Undefined array key "transmissao" in C:\xampp\htdocs\CIR\salvar_processo.php on line 113
[27-Feb-2025 02:41:11 Europe/Berlin] PHP Warning:  Undefined array key "boleto_enviado" in C:\xampp\htdocs\CIR\salvar_processo.php on line 118
[27-Feb-2025 02:41:11 Europe/Berlin] PHP Warning:  Undefined array key "pagamento" in C:\xampp\htdocs\CIR\salvar_processo.php on line 119
[27-Feb-2025 02:41:11 Europe/Berlin] PHP Fatal error:  Uncaught mysqli_sql_exception: Incorrect date value: '' for column 'data_solicitacao' at row 1 in C:\xampp\htdocs\CIR\salvar_processo.php:169
Stack trace:
#0 C:\xampp\htdocs\CIR\salvar_processo.php(169): mysqli_stmt->execute()
#1 {main}
  thrown in C:\xampp\htdocs\CIR\salvar_processo.php on line 169
[28-Feb-2025 02:49:16 Europe/Berlin] JSON recebido: {"id_cliente":"11","data_solicitacao":"2025-02-26","tipo":"Basica","documentos":"Pendente de Envio","conferencia":"Pendente","imposto_pagar":"R$ 0,00","doacao":"Não","dados_doacao":"—","parcelamento":"3","imposto_restituir":"R$ 0,00","transmissao":"Pendente","data_transmissao":"2025-02-26","enviada_cliente":"2025-02-26","observacoes":"0","valor_cobrado":"R$ 0,00","boleto_enviado":"Não","pagamento":"Pendente"}
[28-Feb-2025 02:49:16 Europe/Berlin] ID do cliente a ser processado: 11
[28-Feb-2025 02:50:52 Europe/Berlin] JSON recebido: {"id_cliente":"12","data_solicitacao":"2025-02-27","tipo":"Basica","documentos":"Enviados","conferencia":"Pendente","imposto_pagar":"R$ 2.000,00","doacao":"Não","dados_doacao":"—","parcelamento":"3","imposto_restituir":"R$ 500,00","transmissao":"Pendente","data_transmissao":"2025-02-27","enviada_cliente":"2025-02-27","observacoes":"—","valor_cobrado":"R$ 400,00","boleto_enviado":"Não","pagamento":"Pago"}
[28-Feb-2025 02:50:52 Europe/Berlin] ID do cliente a ser processado: 12
[28-Feb-2025 02:52:43 Europe/Berlin] JSON recebido: {"id_cliente":"13","data_solicitacao":"2025-02-27","tipo":"Com Ações","documentos":"Com Pendências","conferencia":"Pendente","imposto_pagar":"R$ 1.000,00","doacao":"Não","dados_doacao":"—","parcelamento":"4","imposto_restituir":"R$ 280,00","transmissao":"Pendente","data_transmissao":"2025-02-27","enviada_cliente":"2025-02-27","observacoes":"—","valor_cobrado":"R$ 350,00","boleto_enviado":"Sim","pagamento":"Pago"}
[28-Feb-2025 02:52:43 Europe/Berlin] ID do cliente a ser processado: 13
[28-Feb-2025 02:56:08 Europe/Berlin] JSON recebido: {"id_cliente":"14","data_solicitacao":"2025-02-27","tipo":"Com Espólio","documentos":"Com Pendências","conferencia":"Conferido pelo Cliente","imposto_pagar":"R$ 1.000,00","doacao":"Não","dados_doacao":"—","parcelamento":"2","imposto_restituir":"R$ 200,00","transmissao":"Pendente","data_transmissao":"2025-02-27","enviada_cliente":"2025-02-27","observacoes":"—","valor_cobrado":"R$ 300,00","boleto_enviado":"Sim","pagamento":"Pago"}
[28-Feb-2025 02:56:08 Europe/Berlin] ID do cliente a ser processado: 14
